[2026-05-23T02:02:48Z] [ship-gate] ALLOW
[2026-05-23T02:02:48Z] [ship-gate] DENY: ship-class command must invoke legacy/scripts/lifecycle/ship.sh (or the native 'evolve ship' CLI; v11.3.0+); set EVOLVE_BYPASS_SHIP_GATE=1 for emergencies
[2026-05-23T02:04:07Z] [ship-gate] ALLOW
[2026-05-23T02:04:07Z] [ship-gate] DENY: ship-class command must invoke legacy/scripts/lifecycle/ship.sh (or the native 'evolve ship' CLI; v11.3.0+); set EVOLVE_BYPASS_SHIP_GATE=1 for emergencies
[2026-05-23T03:42:44Z] [ship-gate] ALLOW
[2026-05-23T03:42:44Z] [ship-gate] DENY: ship-class command must invoke legacy/scripts/lifecycle/ship.sh (or the native 'evolve ship' CLI; v11.3.0+); set EVOLVE_BYPASS_SHIP_GATE=1 for emergencies
[2026-05-23T03:43:10Z] [ship-gate] ALLOW
[2026-05-23T03:43:10Z] [ship-gate] DENY: ship-class command must invoke legacy/scripts/lifecycle/ship.sh (or the native 'evolve ship' CLI; v11.3.0+); set EVOLVE_BYPASS_SHIP_GATE=1 for emergencies
[2026-05-23T03:44:21Z] [ship-gate] ALLOW
[2026-05-23T03:44:21Z] [ship-gate] DENY: ship-class command must invoke legacy/scripts/lifecycle/ship.sh (or the native 'evolve ship' CLI; v11.3.0+); set EVOLVE_BYPASS_SHIP_GATE=1 for emergencies
[2026-05-23T03:56:40Z] [ship-gate] ALLOW
[2026-05-23T03:56:40Z] [ship-gate] DENY: ship-class command must invoke legacy/scripts/lifecycle/ship.sh (or the native 'evolve ship' CLI; v11.3.0+); set EVOLVE_BYPASS_SHIP_GATE=1 for emergencies
[2026-05-23T04:09:50Z] [ship-gate] ALLOW
[2026-05-23T04:09:50Z] [ship-gate] DENY: ship-class command must invoke legacy/scripts/lifecycle/ship.sh (or the native 'evolve ship' CLI; v11.3.0+); set EVOLVE_BYPASS_SHIP_GATE=1 for emergencies
[2026-05-23T05:42:35Z] [ship-gate] ALLOW
[2026-05-23T05:42:35Z] [ship-gate] DENY: ship-class command must invoke legacy/scripts/lifecycle/ship.sh (or the native 'evolve ship' CLI; v11.3.0+); set EVOLVE_BYPASS_SHIP_GATE=1 for emergencies
[2026-05-23T05:45:03Z] [ship-gate] ALLOW
[2026-05-23T05:45:03Z] [ship-gate] DENY: ship-class command must invoke legacy/scripts/lifecycle/ship.sh (or the native 'evolve ship' CLI; v11.3.0+); set EVOLVE_BYPASS_SHIP_GATE=1 for emergencies
[2026-05-23T05:45:29Z] [ship-gate] ALLOW
[2026-05-23T05:45:29Z] [ship-gate] DENY: ship-class command must invoke legacy/scripts/lifecycle/ship.sh (or the native 'evolve ship' CLI; v11.3.0+); set EVOLVE_BYPASS_SHIP_GATE=1 for emergencies
[2026-05-23T05:50:06Z] [ship-gate] ALLOW
[2026-05-23T05:50:06Z] [ship-gate] DENY: ship-class command must invoke legacy/scripts/lifecycle/ship.sh (or the native 'evolve ship' CLI; v11.3.0+); set EVOLVE_BYPASS_SHIP_GATE=1 for emergencies
[2026-05-23T05:52:05Z] [ship-gate] ALLOW
[2026-05-23T05:52:05Z] [ship-gate] DENY: ship-class command must invoke legacy/scripts/lifecycle/ship.sh (or the native 'evolve ship' CLI; v11.3.0+); set EVOLVE_BYPASS_SHIP_GATE=1 for emergencies
[2026-05-23T05:53:14Z] [ship-gate] ALLOW
[2026-05-23T05:53:14Z] [ship-gate] DENY: ship-class command must invoke legacy/scripts/lifecycle/ship.sh (or the native 'evolve ship' CLI; v11.3.0+); set EVOLVE_BYPASS_SHIP_GATE=1 for emergencies
[2026-05-23T05:53:25Z] [ship-gate] ALLOW
[2026-05-23T05:53:25Z] [ship-gate] DENY: ship-class command must invoke legacy/scripts/lifecycle/ship.sh (or the native 'evolve ship' CLI; v11.3.0+); set EVOLVE_BYPASS_SHIP_GATE=1 for emergencies
[2026-05-23T05:53:34Z] [ship-gate] ALLOW
[2026-05-23T05:53:34Z] [ship-gate] DENY: ship-class command must invoke legacy/scripts/lifecycle/ship.sh (or the native 'evolve ship' CLI; v11.3.0+); set EVOLVE_BYPASS_SHIP_GATE=1 for emergencies
[2026-05-23T05:54:05Z] [ship-gate] ALLOW
[2026-05-23T05:54:05Z] [ship-gate] DENY: ship-class command must invoke legacy/scripts/lifecycle/ship.sh (or the native 'evolve ship' CLI; v11.3.0+); set EVOLVE_BYPASS_SHIP_GATE=1 for emergencies
[2026-05-23T05:54:23Z] [ship-gate] ALLOW
[2026-05-23T05:54:23Z] [ship-gate] DENY: ship-class command must invoke legacy/scripts/lifecycle/ship.sh (or the native 'evolve ship' CLI; v11.3.0+); set EVOLVE_BYPASS_SHIP_GATE=1 for emergencies
[2026-05-23T06:03:58Z] [ship-gate] ALLOW
[2026-05-23T06:03:58Z] [ship-gate] DENY: ship-class command must invoke legacy/scripts/lifecycle/ship.sh (or the native 'evolve ship' CLI; v11.3.0+); set EVOLVE_BYPASS_SHIP_GATE=1 for emergencies
[2026-05-23T06:20:55Z] [ship-gate] ALLOW
[2026-05-23T06:20:55Z] [ship-gate] DENY: ship-class command must invoke legacy/scripts/lifecycle/ship.sh (or the native 'evolve ship' CLI; v11.3.0+); set EVOLVE_BYPASS_SHIP_GATE=1 for emergencies
[2026-05-23T06:21:31Z] [ship-gate] ALLOW
[2026-05-23T06:21:31Z] [ship-gate] DENY: ship-class command must invoke legacy/scripts/lifecycle/ship.sh (or the native 'evolve ship' CLI; v11.3.0+); set EVOLVE_BYPASS_SHIP_GATE=1 for emergencies
[2026-05-23T06:21:51Z] [ship-gate] ALLOW
[2026-05-23T06:21:51Z] [ship-gate] DENY: ship-class command must invoke legacy/scripts/lifecycle/ship.sh (or the native 'evolve ship' CLI; v11.3.0+); set EVOLVE_BYPASS_SHIP_GATE=1 for emergencies
[2026-05-23T06:22:12Z] [ship-gate] ALLOW
[2026-05-23T06:22:12Z] [ship-gate] DENY: ship-class command must invoke legacy/scripts/lifecycle/ship.sh (or the native 'evolve ship' CLI; v11.3.0+); set EVOLVE_BYPASS_SHIP_GATE=1 for emergencies
[2026-05-23T06:26:30Z] [ship-gate] ALLOW
[2026-05-23T06:26:30Z] [ship-gate] DENY: ship-class command must invoke legacy/scripts/lifecycle/ship.sh (or the native 'evolve ship' CLI; v11.3.0+); set EVOLVE_BYPASS_SHIP_GATE=1 for emergencies
[2026-05-23T06:26:48Z] [ship-gate] ALLOW
[2026-05-23T06:26:48Z] [ship-gate] DENY: ship-class command must invoke legacy/scripts/lifecycle/ship.sh (or the native 'evolve ship' CLI; v11.3.0+); set EVOLVE_BYPASS_SHIP_GATE=1 for emergencies
[2026-05-23T06:27:07Z] [ship-gate] ALLOW
[2026-05-23T06:27:07Z] [ship-gate] DENY: ship-class command must invoke legacy/scripts/lifecycle/ship.sh (or the native 'evolve ship' CLI; v11.3.0+); set EVOLVE_BYPASS_SHIP_GATE=1 for emergencies
[2026-05-23T07:03:11Z] [ship-gate] ALLOW
[2026-05-23T07:03:11Z] [ship-gate] DENY: ship-class command must invoke legacy/scripts/lifecycle/ship.sh (or the native 'evolve ship' CLI; v11.3.0+); set EVOLVE_BYPASS_SHIP_GATE=1 for emergencies
[2026-05-23T07:13:06Z] [ship-gate] ALLOW
[2026-05-23T07:13:06Z] [ship-gate] DENY: ship-class command must invoke legacy/scripts/lifecycle/ship.sh (or the native 'evolve ship' CLI; v11.3.0+); set EVOLVE_BYPASS_SHIP_GATE=1 for emergencies
[2026-05-23T07:13:34Z] [ship-gate] ALLOW
[2026-05-23T07:13:34Z] [ship-gate] DENY: ship-class command must invoke legacy/scripts/lifecycle/ship.sh (or the native 'evolve ship' CLI; v11.3.0+); set EVOLVE_BYPASS_SHIP_GATE=1 for emergencies
[2026-05-23T07:14:30Z] [ship-gate] ALLOW
[2026-05-23T07:14:30Z] [ship-gate] DENY: ship-class command must invoke legacy/scripts/lifecycle/ship.sh (or the native 'evolve ship' CLI; v11.3.0+); set EVOLVE_BYPASS_SHIP_GATE=1 for emergencies
[2026-05-23T08:59:37Z] [ship-gate] ALLOW
[2026-05-23T08:59:37Z] [ship-gate] DENY: ship-class command must invoke legacy/scripts/lifecycle/ship.sh (or the native 'evolve ship' CLI; v11.3.0+); set EVOLVE_BYPASS_SHIP_GATE=1 for emergencies
[2026-05-23T09:00:08Z] [ship-gate] ALLOW
[2026-05-23T09:00:08Z] [ship-gate] DENY: ship-class command must invoke legacy/scripts/lifecycle/ship.sh (or the native 'evolve ship' CLI; v11.3.0+); set EVOLVE_BYPASS_SHIP_GATE=1 for emergencies
[2026-05-23T09:02:43Z] [ship-gate] ALLOW
[2026-05-23T09:02:43Z] [ship-gate] DENY: ship-class command must invoke legacy/scripts/lifecycle/ship.sh (or the native 'evolve ship' CLI; v11.3.0+); set EVOLVE_BYPASS_SHIP_GATE=1 for emergencies
[2026-05-23T09:03:10Z] [ship-gate] ALLOW
[2026-05-23T09:03:10Z] [ship-gate] DENY: ship-class command must invoke legacy/scripts/lifecycle/ship.sh (or the native 'evolve ship' CLI; v11.3.0+); set EVOLVE_BYPASS_SHIP_GATE=1 for emergencies
[2026-05-23T09:03:38Z] [ship-gate] ALLOW
[2026-05-23T09:03:38Z] [ship-gate] DENY: ship-class command must invoke legacy/scripts/lifecycle/ship.sh (or the native 'evolve ship' CLI; v11.3.0+); set EVOLVE_BYPASS_SHIP_GATE=1 for emergencies
[2026-05-23T09:03:56Z] [ship-gate] ALLOW
[2026-05-23T09:03:56Z] [ship-gate] DENY: ship-class command must invoke legacy/scripts/lifecycle/ship.sh (or the native 'evolve ship' CLI; v11.3.0+); set EVOLVE_BYPASS_SHIP_GATE=1 for emergencies
[2026-05-23T09:05:56Z] [ship-gate] ALLOW
[2026-05-23T09:05:56Z] [ship-gate] DENY: ship-class command must invoke legacy/scripts/lifecycle/ship.sh (or the native 'evolve ship' CLI; v11.3.0+); set EVOLVE_BYPASS_SHIP_GATE=1 for emergencies
[2026-05-23T09:07:20Z] [ship-gate] ALLOW
[2026-05-23T09:07:20Z] [ship-gate] DENY: ship-class command must invoke legacy/scripts/lifecycle/ship.sh (or the native 'evolve ship' CLI; v11.3.0+); set EVOLVE_BYPASS_SHIP_GATE=1 for emergencies
[2026-05-23T13:57:20Z] [ship-gate] ALLOW
[2026-05-23T13:57:20Z] [ship-gate] DENY: ship-class command must invoke legacy/scripts/lifecycle/ship.sh (or the native 'evolve ship' CLI; v11.3.0+); set EVOLVE_BYPASS_SHIP_GATE=1 for emergencies
[2026-05-23T14:30:25Z] [ship-gate] ALLOW
[2026-05-23T14:30:25Z] [ship-gate] DENY: ship-class command must invoke legacy/scripts/lifecycle/ship.sh (or the native 'evolve ship' CLI; v11.3.0+); set EVOLVE_BYPASS_SHIP_GATE=1 for emergencies
[2026-05-23T14:47:56Z] [ship-gate] ALLOW
[2026-05-23T14:47:56Z] [ship-gate] DENY: ship-class command must invoke legacy/scripts/lifecycle/ship.sh (or the native 'evolve ship' CLI; v11.3.0+); set EVOLVE_BYPASS_SHIP_GATE=1 for emergencies
[2026-05-23T14:51:43Z] [ship-gate] ALLOW
[2026-05-23T14:51:43Z] [ship-gate] DENY: ship-class command must invoke legacy/scripts/lifecycle/ship.sh (or the native 'evolve ship' CLI; v11.3.0+); set EVOLVE_BYPASS_SHIP_GATE=1 for emergencies
[2026-05-23T14:54:01Z] [ship-gate] ALLOW
[2026-05-23T14:54:01Z] [ship-gate] DENY: ship-class command must invoke legacy/scripts/lifecycle/ship.sh (or the native 'evolve ship' CLI; v11.3.0+); set EVOLVE_BYPASS_SHIP_GATE=1 for emergencies
[2026-05-23T16:17:05Z] [ship-gate] ALLOW
[2026-05-23T16:17:05Z] [ship-gate] DENY: ship-class command must invoke legacy/scripts/lifecycle/ship.sh (or the native 'evolve ship' CLI; v11.3.0+); set EVOLVE_BYPASS_SHIP_GATE=1 for emergencies
[2026-05-23T16:18:13Z] [ship-gate] ALLOW
[2026-05-23T16:18:13Z] [ship-gate] DENY: ship-class command must invoke legacy/scripts/lifecycle/ship.sh (or the native 'evolve ship' CLI; v11.3.0+); set EVOLVE_BYPASS_SHIP_GATE=1 for emergencies
[2026-05-23T16:22:55Z] [ship-gate] ALLOW
[2026-05-23T16:22:55Z] [ship-gate] DENY: ship-class command must invoke legacy/scripts/lifecycle/ship.sh (or the native 'evolve ship' CLI; v11.3.0+); set EVOLVE_BYPASS_SHIP_GATE=1 for emergencies
[2026-05-23T16:47:23Z] [ship-gate] ALLOW
[2026-05-23T16:47:23Z] [ship-gate] DENY: ship-class command must invoke legacy/scripts/lifecycle/ship.sh (or the native 'evolve ship' CLI; v11.3.0+); set EVOLVE_BYPASS_SHIP_GATE=1 for emergencies
[2026-05-23T17:00:42Z] [ship-gate] ALLOW
[2026-05-23T17:00:42Z] [ship-gate] DENY: ship-class command must invoke legacy/scripts/lifecycle/ship.sh (or the native 'evolve ship' CLI; v11.3.0+); set EVOLVE_BYPASS_SHIP_GATE=1 for emergencies
[2026-05-23T17:06:29Z] [ship-gate] ALLOW
[2026-05-23T17:06:29Z] [ship-gate] DENY: ship-class command must invoke legacy/scripts/lifecycle/ship.sh (or the native 'evolve ship' CLI; v11.3.0+); set EVOLVE_BYPASS_SHIP_GATE=1 for emergencies
[2026-05-23T17:13:12Z] [ship-gate] ALLOW
[2026-05-23T17:13:12Z] [ship-gate] DENY: ship-class command must invoke legacy/scripts/lifecycle/ship.sh (or the native 'evolve ship' CLI; v11.3.0+); set EVOLVE_BYPASS_SHIP_GATE=1 for emergencies
[2026-05-23T17:18:41Z] [ship-gate] ALLOW
[2026-05-23T17:18:41Z] [ship-gate] DENY: ship-class command must invoke legacy/scripts/lifecycle/ship.sh (or the native 'evolve ship' CLI; v11.3.0+); set EVOLVE_BYPASS_SHIP_GATE=1 for emergencies
[2026-05-24T03:07:09Z] [ship-gate] ALLOW
[2026-05-24T03:07:09Z] [ship-gate] DENY: ship-class command must invoke legacy/scripts/lifecycle/ship.sh (or the native 'evolve ship' CLI; v11.3.0+); set EVOLVE_BYPASS_SHIP_GATE=1 for emergencies
[2026-05-24T03:23:31Z] [ship-gate] ALLOW
[2026-05-24T03:23:31Z] [ship-gate] DENY: ship-class command must invoke legacy/scripts/lifecycle/ship.sh (or the native 'evolve ship' CLI; v11.3.0+); set EVOLVE_BYPASS_SHIP_GATE=1 for emergencies
[2026-05-24T03:29:01Z] [ship-gate] ALLOW
[2026-05-24T03:29:01Z] [ship-gate] DENY: ship-class command must invoke legacy/scripts/lifecycle/ship.sh (or the native 'evolve ship' CLI; v11.3.0+); set EVOLVE_BYPASS_SHIP_GATE=1 for emergencies
[2026-05-25T02:44:27Z] [ship-gate] ALLOW
[2026-05-25T02:44:27Z] [ship-gate] DENY: ship-class command must invoke legacy/scripts/lifecycle/ship.sh (or the native 'evolve ship' CLI; v11.3.0+); set EVOLVE_BYPASS_SHIP_GATE=1 for emergencies
[2026-05-25T02:46:06Z] [ship-gate] ALLOW
[2026-05-25T02:46:06Z] [ship-gate] DENY: ship-class command must invoke legacy/scripts/lifecycle/ship.sh (or the native 'evolve ship' CLI; v11.3.0+); set EVOLVE_BYPASS_SHIP_GATE=1 for emergencies
[2026-05-25T03:07:35Z] [phase-gate-pre] ALLOW
[2026-05-25T03:07:35Z] [research-quota-gate] ALLOW
[2026-05-25T03:07:35Z] [ship-gate] ALLOW
[2026-05-25T03:07:35Z] [doc-deletion-guard] ALLOW
[2026-05-25T03:07:43Z] [phase-gate-pre] ALLOW
[2026-05-25T03:07:43Z] [research-quota-gate] ALLOW
[2026-05-25T03:07:43Z] [ship-gate] ALLOW
[2026-05-25T03:07:43Z] [doc-deletion-guard] ALLOW
[2026-05-25T03:07:45Z] [ship-gate] ALLOW
[2026-05-25T03:07:45Z] [ship-gate] DENY: ship-class command must invoke legacy/scripts/lifecycle/ship.sh (or the native 'evolve ship' CLI; v11.3.0+); set EVOLVE_BYPASS_SHIP_GATE=1 for emergencies
[2026-05-25T03:07:58Z] [ship-gate] ALLOW
[2026-05-25T03:07:58Z] [ship-gate] DENY: ship-class command must invoke legacy/scripts/lifecycle/ship.sh (or the native 'evolve ship' CLI; v11.3.0+); set EVOLVE_BYPASS_SHIP_GATE=1 for emergencies
[2026-05-25T03:09:49Z] [phase-gate-pre] ALLOW
[2026-05-25T03:09:49Z] [ship-gate] ALLOW
[2026-05-25T03:09:49Z] [doc-deletion-guard] ALLOW
[2026-05-25T03:09:49Z] [research-quota-gate] ALLOW
[2026-05-25T03:09:57Z] [ship-gate] ALLOW
[2026-05-25T03:09:57Z] [research-quota-gate] ALLOW
[2026-05-25T03:09:57Z] [phase-gate-pre] ALLOW
[2026-05-25T03:09:57Z] [doc-deletion-guard] ALLOW
[2026-05-25T03:11:01Z] [role-gate] ALLOW
[2026-05-25T03:11:43Z] [role-gate] ALLOW
[2026-05-25T03:11:52Z] [phase-gate-pre] ALLOW
[2026-05-25T03:11:52Z] [research-quota-gate] ALLOW
[2026-05-25T03:11:52Z] [ship-gate] ALLOW
[2026-05-25T03:11:52Z] [doc-deletion-guard] ALLOW
[2026-05-25T03:12:16Z] [ship-gate] ALLOW
[2026-05-25T03:12:16Z] [ship-gate] DENY: ship-class command must invoke legacy/scripts/lifecycle/ship.sh (or the native 'evolve ship' CLI; v11.3.0+); set EVOLVE_BYPASS_SHIP_GATE=1 for emergencies
[2026-05-25T03:12:56Z] [ship-gate] ALLOW
[2026-05-25T03:12:56Z] [ship-gate] DENY: ship-class command must invoke legacy/scripts/lifecycle/ship.sh (or the native 'evolve ship' CLI; v11.3.0+); set EVOLVE_BYPASS_SHIP_GATE=1 for emergencies
[2026-05-25T03:12:58Z] [ship-gate] ALLOW
[2026-05-25T03:12:58Z] [ship-gate] DENY: ship-class command must invoke legacy/scripts/lifecycle/ship.sh (or the native 'evolve ship' CLI; v11.3.0+); set EVOLVE_BYPASS_SHIP_GATE=1 for emergencies
[2026-05-25T03:15:45Z] [ship-gate] ALLOW
[2026-05-25T03:15:45Z] [doc-deletion-guard] ALLOW
[2026-05-25T03:15:45Z] [phase-gate-pre] ALLOW
[2026-05-25T03:15:45Z] [research-quota-gate] ALLOW
[2026-05-25T03:16:06Z] [research-quota-gate] ALLOW
[2026-05-25T03:16:06Z] [phase-gate-pre] ALLOW
[2026-05-25T03:16:06Z] [doc-deletion-guard] ALLOW
[2026-05-25T03:16:06Z] [ship-gate] ALLOW
[2026-05-25T03:16:52Z] [research-quota-gate] ALLOW
[2026-05-25T03:16:52Z] [ship-gate] ALLOW
[2026-05-25T03:16:52Z] [phase-gate-pre] ALLOW
[2026-05-25T03:16:52Z] [doc-deletion-guard] ALLOW
[2026-05-25T03:17:12Z] [phase-gate-pre] ALLOW
[2026-05-25T03:17:12Z] [doc-deletion-guard] ALLOW
[2026-05-25T03:17:12Z] [ship-gate] ALLOW
[2026-05-25T03:17:12Z] [research-quota-gate] ALLOW
[2026-05-25T03:17:16Z] [ship-gate] ALLOW
[2026-05-25T03:17:16Z] [ship-gate] DENY: ship-class command must invoke legacy/scripts/lifecycle/ship.sh (or the native 'evolve ship' CLI; v11.3.0+); set EVOLVE_BYPASS_SHIP_GATE=1 for emergencies
[2026-05-25T03:18:31Z] [ship-gate] ALLOW
[2026-05-25T03:18:31Z] [ship-gate] DENY: ship-class command must invoke legacy/scripts/lifecycle/ship.sh (or the native 'evolve ship' CLI; v11.3.0+); set EVOLVE_BYPASS_SHIP_GATE=1 for emergencies
[2026-05-25T03:26:45Z] [ship-gate] ALLOW
[2026-05-25T03:26:45Z] [ship-gate] DENY: ship-class command must invoke legacy/scripts/lifecycle/ship.sh (or the native 'evolve ship' CLI; v11.3.0+); set EVOLVE_BYPASS_SHIP_GATE=1 for emergencies
[2026-05-25T03:27:25Z] [ship-gate] ALLOW
[2026-05-25T03:27:25Z] [ship-gate] DENY: ship-class command must invoke legacy/scripts/lifecycle/ship.sh (or the native 'evolve ship' CLI; v11.3.0+); set EVOLVE_BYPASS_SHIP_GATE=1 for emergencies
[2026-05-25T03:29:14Z] [ship-gate] ALLOW
[2026-05-25T03:29:14Z] [ship-gate] DENY: ship-class command must invoke legacy/scripts/lifecycle/ship.sh (or the native 'evolve ship' CLI; v11.3.0+); set EVOLVE_BYPASS_SHIP_GATE=1 for emergencies
[2026-05-25T03:31:16Z] [ship-gate] ALLOW
[2026-05-25T03:31:16Z] [ship-gate] DENY: ship-class command must invoke legacy/scripts/lifecycle/ship.sh (or the native 'evolve ship' CLI; v11.3.0+); set EVOLVE_BYPASS_SHIP_GATE=1 for emergencies
[2026-05-25T03:44:29Z] [ship-gate] ALLOW
[2026-05-25T03:44:29Z] [ship-gate] DENY: ship-class command must invoke legacy/scripts/lifecycle/ship.sh (or the native 'evolve ship' CLI; v11.3.0+); set EVOLVE_BYPASS_SHIP_GATE=1 for emergencies
[2026-05-25T03:45:44Z] [ship-gate] ALLOW
[2026-05-25T03:45:44Z] [ship-gate] DENY: ship-class command must invoke legacy/scripts/lifecycle/ship.sh (or the native 'evolve ship' CLI; v11.3.0+); set EVOLVE_BYPASS_SHIP_GATE=1 for emergencies
