[2026-05-23T00:46:30Z] [ship-gate] ALLOW
[2026-05-23T00:46:51Z] [ship-gate] DENY: ship-class command must invoke scripts/lifecycle/ship.sh; set EVOLVE_BYPASS_SHIP_GATE=1 for emergencies
[2026-05-23T02:02:45Z] [research-quota-gate] ALLOW
[2026-05-23T02:02:45Z] [doc-deletion-guard] ALLOW
[2026-05-23T02:02:45Z] [ship-gate] ALLOW
[2026-05-23T02:02:45Z] [phase-gate-pre] ALLOW
[2026-05-23T02:02:47Z] [ship-gate] ALLOW
[2026-05-23T02:02:47Z] [research-quota-gate] ALLOW
[2026-05-23T02:02:47Z] [phase-gate-pre] ALLOW
[2026-05-23T02:02:47Z] [doc-deletion-guard] ALLOW
[2026-05-23T02:03:03Z] [ship-gate] ALLOW
[2026-05-23T02:03:03Z] [research-quota-gate] ALLOW
[2026-05-23T02:03:03Z] [phase-gate-pre] ALLOW
[2026-05-23T02:03:03Z] [doc-deletion-guard] ALLOW
[2026-05-23T02:03:09Z] [phase-gate-pre] ALLOW
[2026-05-23T02:03:09Z] [research-quota-gate] ALLOW
[2026-05-23T02:03:09Z] [doc-deletion-guard] ALLOW
[2026-05-23T02:03:09Z] [ship-gate] ALLOW
[2026-05-23T02:03:43Z] [role-gate] ALLOW
[2026-05-23T02:03:48Z] [ship-gate] ALLOW
[2026-05-23T02:03:48Z] [phase-gate-pre] ALLOW
[2026-05-23T02:03:48Z] [doc-deletion-guard] ALLOW
[2026-05-23T02:03:48Z] [research-quota-gate] ALLOW
[2026-05-23T02:04:05Z] [ship-gate] ALLOW
[2026-05-23T02:04:05Z] [phase-gate-pre] ALLOW
[2026-05-23T02:04:05Z] [doc-deletion-guard] ALLOW
[2026-05-23T02:04:05Z] [research-quota-gate] ALLOW
[2026-05-23T02:04:35Z] [ship-gate] ALLOW
[2026-05-23T02:04:35Z] [research-quota-gate] ALLOW
[2026-05-23T02:04:35Z] [phase-gate-pre] ALLOW
[2026-05-23T02:04:35Z] [doc-deletion-guard] ALLOW
[2026-05-23T02:05:06Z] [ship-gate] ALLOW
[2026-05-23T02:05:06Z] [research-quota-gate] ALLOW
[2026-05-23T02:05:06Z] [phase-gate-pre] ALLOW
[2026-05-23T02:05:06Z] [doc-deletion-guard] ALLOW
[2026-05-23T03:41:13Z] [role-gate] ALLOW
[2026-05-23T03:41:20Z] [ship-gate] ALLOW
[2026-05-23T03:41:20Z] [research-quota-gate] ALLOW
[2026-05-23T03:41:20Z] [phase-gate-pre] ALLOW
[2026-05-23T03:41:20Z] [doc-deletion-guard] ALLOW
[2026-05-23T03:41:24Z] [phase-gate-pre] ALLOW
[2026-05-23T03:41:24Z] [ship-gate] ALLOW
[2026-05-23T03:41:24Z] [doc-deletion-guard] ALLOW
[2026-05-23T03:41:24Z] [research-quota-gate] ALLOW
[2026-05-23T03:42:17Z] [role-gate] ALLOW
[2026-05-23T03:42:23Z] [phase-gate-pre] ALLOW
[2026-05-23T03:42:23Z] [ship-gate] ALLOW
[2026-05-23T03:42:23Z] [doc-deletion-guard] ALLOW
[2026-05-23T03:42:23Z] [research-quota-gate] ALLOW
[2026-05-23T03:42:34Z] [research-quota-gate] ALLOW
[2026-05-23T03:42:34Z] [doc-deletion-guard] ALLOW
[2026-05-23T03:42:34Z] [ship-gate] ALLOW
[2026-05-23T03:42:34Z] [phase-gate-pre] ALLOW
[2026-05-23T03:43:06Z] [phase-gate-pre] ALLOW
[2026-05-23T03:43:06Z] [research-quota-gate] ALLOW
[2026-05-23T03:43:06Z] [doc-deletion-guard] ALLOW
[2026-05-23T03:43:06Z] [ship-gate] ALLOW
[2026-05-23T03:43:24Z] [ship-gate] ALLOW
[2026-05-23T03:43:24Z] [phase-gate-pre] ALLOW
[2026-05-23T03:43:24Z] [research-quota-gate] ALLOW
[2026-05-23T03:43:24Z] [doc-deletion-guard] ALLOW
[2026-05-23T03:43:31Z] [research-quota-gate] ALLOW
[2026-05-23T03:43:31Z] [ship-gate] ALLOW
[2026-05-23T03:43:31Z] [doc-deletion-guard] ALLOW
[2026-05-23T03:43:31Z] [phase-gate-pre] ALLOW
[2026-05-23T03:44:08Z] [role-gate] ALLOW
[2026-05-23T03:44:17Z] [phase-gate-pre] ALLOW
[2026-05-23T03:44:17Z] [research-quota-gate] ALLOW
[2026-05-23T03:44:17Z] [ship-gate] ALLOW
[2026-05-23T03:44:17Z] [doc-deletion-guard] ALLOW
[2026-05-23T03:44:37Z] [ship-gate] ALLOW
[2026-05-23T03:44:37Z] [phase-gate-pre] ALLOW
[2026-05-23T03:44:37Z] [doc-deletion-guard] ALLOW
[2026-05-23T03:44:37Z] [research-quota-gate] ALLOW
[2026-05-23T03:44:43Z] [doc-deletion-guard] ALLOW
[2026-05-23T03:44:43Z] [research-quota-gate] ALLOW
[2026-05-23T03:44:43Z] [ship-gate] ALLOW
[2026-05-23T03:44:43Z] [phase-gate-pre] ALLOW
[2026-05-23T03:44:55Z] [research-quota-gate] ALLOW
[2026-05-23T03:44:55Z] [doc-deletion-guard] ALLOW
[2026-05-23T03:44:55Z] [phase-gate-pre] ALLOW
[2026-05-23T03:44:55Z] [ship-gate] ALLOW
[2026-05-23T03:53:39Z] [role-gate] ALLOW
[2026-05-23T03:53:46Z] [phase-gate-pre] ALLOW
[2026-05-23T03:53:46Z] [doc-deletion-guard] ALLOW
[2026-05-23T03:53:46Z] [ship-gate] ALLOW
[2026-05-23T03:53:46Z] [research-quota-gate] ALLOW
[2026-05-23T03:54:13Z] [phase-gate-pre] ALLOW
[2026-05-23T03:54:13Z] [ship-gate] ALLOW
[2026-05-23T03:54:13Z] [research-quota-gate] ALLOW
[2026-05-23T03:54:13Z] [doc-deletion-guard] ALLOW
[2026-05-23T03:54:18Z] [ship-gate] ALLOW
[2026-05-23T03:54:18Z] [doc-deletion-guard] ALLOW
[2026-05-23T03:54:18Z] [research-quota-gate] ALLOW
[2026-05-23T03:54:18Z] [phase-gate-pre] ALLOW
[2026-05-23T03:54:27Z] [role-gate] ALLOW
[2026-05-23T03:54:37Z] [role-gate] ALLOW
[2026-05-23T03:54:48Z] [role-gate] ALLOW
[2026-05-23T03:54:57Z] [role-gate] ALLOW
[2026-05-23T03:55:06Z] [role-gate] ALLOW
[2026-05-23T03:55:16Z] [role-gate] ALLOW
[2026-05-23T03:55:21Z] [doc-deletion-guard] ALLOW
[2026-05-23T03:55:21Z] [ship-gate] ALLOW
[2026-05-23T03:55:21Z] [phase-gate-pre] ALLOW
[2026-05-23T03:55:21Z] [research-quota-gate] ALLOW
[2026-05-23T03:55:34Z] [ship-gate] ALLOW
[2026-05-23T03:55:34Z] [research-quota-gate] ALLOW
[2026-05-23T03:55:34Z] [doc-deletion-guard] ALLOW
[2026-05-23T03:55:34Z] [phase-gate-pre] ALLOW
[2026-05-23T03:55:40Z] [ship-gate] ALLOW
[2026-05-23T03:55:40Z] [phase-gate-pre] ALLOW
[2026-05-23T03:55:40Z] [research-quota-gate] ALLOW
[2026-05-23T03:55:40Z] [doc-deletion-guard] ALLOW
[2026-05-23T03:55:51Z] [research-quota-gate] ALLOW
[2026-05-23T03:55:51Z] [doc-deletion-guard] ALLOW
[2026-05-23T03:55:51Z] [ship-gate] ALLOW
[2026-05-23T03:55:51Z] [phase-gate-pre] ALLOW
[2026-05-23T03:56:13Z] [phase-gate-pre] ALLOW
[2026-05-23T03:56:13Z] [research-quota-gate] ALLOW
[2026-05-23T03:56:13Z] [doc-deletion-guard] ALLOW
[2026-05-23T03:56:13Z] [ship-gate] ALLOW
[2026-05-23T03:56:21Z] [research-quota-gate] ALLOW
[2026-05-23T03:56:21Z] [phase-gate-pre] ALLOW
[2026-05-23T03:56:21Z] [ship-gate] ALLOW
[2026-05-23T03:56:21Z] [doc-deletion-guard] ALLOW
[2026-05-23T03:56:30Z] [research-quota-gate] ALLOW
[2026-05-23T03:56:30Z] [ship-gate] ALLOW
[2026-05-23T03:56:30Z] [phase-gate-pre] ALLOW
[2026-05-23T03:56:30Z] [doc-deletion-guard] ALLOW
[2026-05-23T03:57:01Z] [research-quota-gate] ALLOW
[2026-05-23T03:57:01Z] [phase-gate-pre] ALLOW
[2026-05-23T03:57:01Z] [ship-gate] ALLOW
[2026-05-23T03:57:01Z] [doc-deletion-guard] ALLOW
[2026-05-23T03:57:13Z] [ship-gate] ALLOW
[2026-05-23T03:57:13Z] [phase-gate-pre] ALLOW
[2026-05-23T03:57:13Z] [doc-deletion-guard] ALLOW
[2026-05-23T03:57:13Z] [research-quota-gate] ALLOW
[2026-05-23T03:57:19Z] [phase-gate-pre] ALLOW
[2026-05-23T03:57:19Z] [doc-deletion-guard] ALLOW
[2026-05-23T03:57:19Z] [research-quota-gate] ALLOW
[2026-05-23T03:57:19Z] [ship-gate] ALLOW
[2026-05-23T04:05:33Z] [research-quota-gate] ALLOW
[2026-05-23T04:05:33Z] [ship-gate] ALLOW
[2026-05-23T04:05:33Z] [doc-deletion-guard] ALLOW
[2026-05-23T04:05:33Z] [phase-gate-pre] ALLOW
[2026-05-23T04:06:50Z] [role-gate] ALLOW
[2026-05-23T04:06:55Z] [doc-deletion-guard] ALLOW
[2026-05-23T04:06:55Z] [ship-gate] ALLOW
[2026-05-23T04:06:55Z] [research-quota-gate] ALLOW
[2026-05-23T04:06:55Z] [phase-gate-pre] ALLOW
[2026-05-23T04:07:05Z] [role-gate] ALLOW
[2026-05-23T04:07:10Z] [ship-gate] ALLOW
[2026-05-23T04:07:10Z] [research-quota-gate] ALLOW
[2026-05-23T04:07:10Z] [phase-gate-pre] ALLOW
[2026-05-23T04:07:10Z] [doc-deletion-guard] ALLOW
[2026-05-23T04:07:23Z] [phase-gate-pre] ALLOW
[2026-05-23T04:07:23Z] [ship-gate] ALLOW
[2026-05-23T04:07:23Z] [research-quota-gate] ALLOW
[2026-05-23T04:07:23Z] [doc-deletion-guard] ALLOW
[2026-05-23T04:07:27Z] [research-quota-gate] ALLOW
[2026-05-23T04:07:27Z] [phase-gate-pre] ALLOW
[2026-05-23T04:07:27Z] [doc-deletion-guard] ALLOW
[2026-05-23T04:07:27Z] [ship-gate] ALLOW
[2026-05-23T04:07:33Z] [research-quota-gate] ALLOW
[2026-05-23T04:07:33Z] [phase-gate-pre] ALLOW
[2026-05-23T04:07:33Z] [ship-gate] ALLOW
[2026-05-23T04:07:33Z] [doc-deletion-guard] ALLOW
[2026-05-23T04:07:59Z] [role-gate] ALLOW
[2026-05-23T04:08:04Z] [phase-gate-pre] ALLOW
[2026-05-23T04:08:04Z] [doc-deletion-guard] ALLOW
[2026-05-23T04:08:04Z] [ship-gate] ALLOW
[2026-05-23T04:08:04Z] [research-quota-gate] ALLOW
[2026-05-23T04:08:41Z] [role-gate] ALLOW
[2026-05-23T04:09:09Z] [doc-deletion-guard] ALLOW
[2026-05-23T04:09:09Z] [research-quota-gate] ALLOW
[2026-05-23T04:09:09Z] [ship-gate] ALLOW
[2026-05-23T04:09:09Z] [phase-gate-pre] ALLOW
[2026-05-23T04:09:15Z] [doc-deletion-guard] ALLOW
[2026-05-23T04:09:15Z] [ship-gate] ALLOW
[2026-05-23T04:09:15Z] [phase-gate-pre] ALLOW
[2026-05-23T04:09:15Z] [research-quota-gate] ALLOW
[2026-05-23T04:09:27Z] [role-gate] ALLOW
[2026-05-23T04:09:32Z] [ship-gate] ALLOW
[2026-05-23T04:09:32Z] [doc-deletion-guard] ALLOW
[2026-05-23T04:09:32Z] [research-quota-gate] ALLOW
[2026-05-23T04:09:32Z] [phase-gate-pre] ALLOW
[2026-05-23T04:09:40Z] [phase-gate-pre] ALLOW
[2026-05-23T04:09:40Z] [ship-gate] ALLOW
[2026-05-23T04:09:40Z] [research-quota-gate] ALLOW
[2026-05-23T04:09:40Z] [doc-deletion-guard] ALLOW
[2026-05-23T04:10:10Z] [doc-deletion-guard] ALLOW
[2026-05-23T04:10:10Z] [ship-gate] ALLOW
[2026-05-23T04:10:10Z] [phase-gate-pre] ALLOW
[2026-05-23T04:10:10Z] [research-quota-gate] ALLOW
[2026-05-23T04:10:13Z] [ship-gate] ALLOW
[2026-05-23T04:10:13Z] [phase-gate-pre] ALLOW
[2026-05-23T04:10:13Z] [research-quota-gate] ALLOW
[2026-05-23T04:10:13Z] [doc-deletion-guard] ALLOW
[2026-05-23T05:34:07Z] [role-gate] ALLOW
[2026-05-23T05:34:38Z] [role-gate] ALLOW
[2026-05-23T05:34:43Z] [phase-gate-pre] ALLOW
[2026-05-23T05:34:43Z] [research-quota-gate] ALLOW
[2026-05-23T05:34:43Z] [doc-deletion-guard] ALLOW
[2026-05-23T05:34:43Z] [ship-gate] ALLOW
[2026-05-23T05:34:48Z] [ship-gate] ALLOW
[2026-05-23T05:34:48Z] [research-quota-gate] ALLOW
[2026-05-23T05:34:48Z] [phase-gate-pre] ALLOW
[2026-05-23T05:34:48Z] [doc-deletion-guard] ALLOW
[2026-05-23T05:35:11Z] [role-gate] ALLOW
[2026-05-23T05:35:15Z] [role-gate] ALLOW
[2026-05-23T05:35:19Z] [role-gate] ALLOW
[2026-05-23T05:35:21Z] [research-quota-gate] ALLOW
[2026-05-23T05:35:21Z] [ship-gate] ALLOW
[2026-05-23T05:35:21Z] [phase-gate-pre] ALLOW
[2026-05-23T05:35:21Z] [doc-deletion-guard] ALLOW
[2026-05-23T05:36:18Z] [role-gate] ALLOW
[2026-05-23T05:36:48Z] [role-gate] ALLOW
[2026-05-23T05:36:50Z] [ship-gate] ALLOW
[2026-05-23T05:36:50Z] [phase-gate-pre] ALLOW
[2026-05-23T05:36:50Z] [doc-deletion-guard] ALLOW
[2026-05-23T05:36:50Z] [research-quota-gate] ALLOW
[2026-05-23T05:37:25Z] [research-quota-gate] ALLOW
[2026-05-23T05:37:25Z] [doc-deletion-guard] ALLOW
[2026-05-23T05:37:25Z] [ship-gate] ALLOW
[2026-05-23T05:37:25Z] [phase-gate-pre] ALLOW
[2026-05-23T05:37:25Z] [research-quota-gate] ALLOW
[2026-05-23T05:37:25Z] [ship-gate] ALLOW
[2026-05-23T05:37:25Z] [phase-gate-pre] ALLOW
[2026-05-23T05:37:25Z] [doc-deletion-guard] ALLOW
[2026-05-23T05:37:29Z] [doc-deletion-guard] ALLOW
[2026-05-23T05:37:29Z] [phase-gate-pre] ALLOW
[2026-05-23T05:37:29Z] [ship-gate] ALLOW
[2026-05-23T05:37:29Z] [research-quota-gate] ALLOW
[2026-05-23T05:37:33Z] [research-quota-gate] ALLOW
[2026-05-23T05:37:33Z] [doc-deletion-guard] ALLOW
[2026-05-23T05:37:33Z] [phase-gate-pre] ALLOW
[2026-05-23T05:37:33Z] [ship-gate] ALLOW
[2026-05-23T05:37:41Z] [ship-gate] ALLOW
[2026-05-23T05:37:41Z] [phase-gate-pre] ALLOW
[2026-05-23T05:37:41Z] [doc-deletion-guard] ALLOW
[2026-05-23T05:37:41Z] [research-quota-gate] ALLOW
[2026-05-23T05:37:48Z] [ship-gate] ALLOW
[2026-05-23T05:37:48Z] [phase-gate-pre] ALLOW
[2026-05-23T05:37:48Z] [research-quota-gate] ALLOW
[2026-05-23T05:37:48Z] [doc-deletion-guard] ALLOW
[2026-05-23T05:38:32Z] [role-gate] ALLOW
[2026-05-23T05:38:43Z] [role-gate] ALLOW
[2026-05-23T05:38:49Z] [role-gate] ALLOW
[2026-05-23T05:39:40Z] [role-gate] ALLOW
[2026-05-23T05:39:45Z] [phase-gate-pre] ALLOW
[2026-05-23T05:39:45Z] [doc-deletion-guard] ALLOW
[2026-05-23T05:39:45Z] [research-quota-gate] ALLOW
[2026-05-23T05:39:45Z] [ship-gate] ALLOW
[2026-05-23T05:39:51Z] [phase-gate-pre] ALLOW
[2026-05-23T05:39:51Z] [ship-gate] ALLOW
[2026-05-23T05:39:51Z] [doc-deletion-guard] ALLOW
[2026-05-23T05:39:51Z] [research-quota-gate] ALLOW
[2026-05-23T05:40:32Z] [role-gate] ALLOW
[2026-05-23T05:40:35Z] [role-gate] ALLOW
[2026-05-23T05:42:19Z] [role-gate] ALLOW
[2026-05-23T05:42:24Z] [research-quota-gate] ALLOW
[2026-05-23T05:42:24Z] [doc-deletion-guard] ALLOW
[2026-05-23T05:42:24Z] [phase-gate-pre] ALLOW
[2026-05-23T05:42:24Z] [ship-gate] ALLOW
[2026-05-23T05:42:31Z] [role-gate] ALLOW
[2026-05-23T05:42:33Z] [doc-deletion-guard] ALLOW
[2026-05-23T05:42:33Z] [research-quota-gate] ALLOW
[2026-05-23T05:42:33Z] [phase-gate-pre] ALLOW
[2026-05-23T05:42:33Z] [ship-gate] ALLOW
[2026-05-23T05:43:07Z] [role-gate] ALLOW
[2026-05-23T05:43:09Z] [role-gate] ALLOW
[2026-05-23T05:43:11Z] [role-gate] ALLOW
[2026-05-23T05:43:13Z] [ship-gate] ALLOW
[2026-05-23T05:43:13Z] [phase-gate-pre] ALLOW
[2026-05-23T05:43:13Z] [doc-deletion-guard] ALLOW
[2026-05-23T05:43:13Z] [research-quota-gate] ALLOW
[2026-05-23T05:43:23Z] [role-gate] ALLOW
[2026-05-23T05:43:28Z] [role-gate] ALLOW
[2026-05-23T05:43:30Z] [research-quota-gate] ALLOW
[2026-05-23T05:43:30Z] [phase-gate-pre] ALLOW
[2026-05-23T05:43:30Z] [ship-gate] ALLOW
[2026-05-23T05:43:30Z] [doc-deletion-guard] ALLOW
[2026-05-23T05:43:52Z] [role-gate] ALLOW
[2026-05-23T05:43:57Z] [role-gate] ALLOW
[2026-05-23T05:44:30Z] [role-gate] ALLOW
[2026-05-23T05:44:44Z] [doc-deletion-guard] ALLOW
[2026-05-23T05:44:44Z] [phase-gate-pre] ALLOW
[2026-05-23T05:44:44Z] [ship-gate] ALLOW
[2026-05-23T05:44:44Z] [research-quota-gate] ALLOW
[2026-05-23T05:44:53Z] [ship-gate] ALLOW
[2026-05-23T05:44:53Z] [phase-gate-pre] ALLOW
[2026-05-23T05:44:53Z] [research-quota-gate] ALLOW
[2026-05-23T05:44:53Z] [doc-deletion-guard] ALLOW
[2026-05-23T05:45:27Z] [research-quota-gate] ALLOW
[2026-05-23T05:45:27Z] [phase-gate-pre] ALLOW
[2026-05-23T05:45:27Z] [doc-deletion-guard] ALLOW
[2026-05-23T05:45:27Z] [ship-gate] ALLOW
[2026-05-23T05:45:45Z] [ship-gate] ALLOW
[2026-05-23T05:45:45Z] [phase-gate-pre] ALLOW
[2026-05-23T05:45:45Z] [doc-deletion-guard] ALLOW
[2026-05-23T05:45:45Z] [research-quota-gate] ALLOW
[2026-05-23T05:45:55Z] [doc-deletion-guard] ALLOW
[2026-05-23T05:45:55Z] [phase-gate-pre] ALLOW
[2026-05-23T05:45:55Z] [ship-gate] ALLOW
[2026-05-23T05:45:55Z] [research-quota-gate] ALLOW
[2026-05-23T05:46:15Z] [phase-gate-pre] ALLOW
[2026-05-23T05:46:15Z] [research-quota-gate] ALLOW
[2026-05-23T05:46:15Z] [ship-gate] DENY: ship-class command must invoke legacy/scripts/lifecycle/ship.sh (or the native 'evolve ship' CLI; v11.3.0+); set EVOLVE_BYPASS_SHIP_GATE=1 for emergencies
[2026-05-23T05:46:15Z] [doc-deletion-guard] ALLOW
[2026-05-23T05:46:39Z] [ship-gate] ALLOW
[2026-05-23T05:46:39Z] [doc-deletion-guard] ALLOW
[2026-05-23T05:46:39Z] [phase-gate-pre] ALLOW
[2026-05-23T05:46:39Z] [research-quota-gate] ALLOW
[2026-05-23T05:47:14Z] [ship-gate] ALLOW
[2026-05-23T05:47:14Z] [phase-gate-pre] ALLOW
[2026-05-23T05:47:14Z] [research-quota-gate] ALLOW
[2026-05-23T05:47:14Z] [doc-deletion-guard] ALLOW
